<?xml version="1.0" encoding="UTF-8"?>
<coverage generated="1765920884">
  <project timestamp="1765920884" name="Clover Coverage">
    <package name="App\Console\Commands">
      <file name="C:\Users\S852362501\Documents\Projects\pnsl-ntm\app\Console\Commands\EnviarEmailAniversario.php">
        <class name="App\Console\Commands\EnviarEmailAniversario" namespace="App\Console\Commands">
          <metrics complexity="5" methods="1" coveredmethods="0" conditionals="0" coveredconditionals="0" statements="23" coveredstatements="19" elements="24" coveredelements="19"/>
        </class>
        <line num="17" type="method" name="handle" visibility="public" complexity="5" crap="5.13" count="2"/>
        <line num="19" type="stmt" count="2"/>
        <line num="20" type="stmt" count="2"/>
        <line num="21" type="stmt" count="2"/>
        <line num="23" type="stmt" count="2"/>
        <line num="24" type="stmt" count="2"/>
        <line num="25" type="stmt" count="2"/>
        <line num="27" type="stmt" count="2"/>
        <line num="28" type="stmt" count="1"/>
        <line num="30" type="stmt" count="1"/>
        <line num="33" type="stmt" count="1"/>
        <line num="34" type="stmt" count="1"/>
        <line num="35" type="stmt" count="0"/>
        <line num="37" type="stmt" count="0"/>
        <line num="40" type="stmt" count="1"/>
        <line num="43" type="stmt" count="1"/>
        <line num="44" type="stmt" count="1"/>
        <line num="45" type="stmt" count="1"/>
        <line num="46" type="stmt" count="1"/>
        <line num="47" type="stmt" count="1"/>
        <line num="48" type="stmt" count="1"/>
        <line num="49" type="stmt" count="0"/>
        <line num="50" type="stmt" count="0"/>
        <line num="54" type="stmt" count="1"/>
        <metrics loc="57" ncloc="57" classes="1" methods="1" coveredmethods="0" conditionals="0" coveredconditionals="0" statements="23" coveredstatements="19" elements="24" coveredelements="19"/>
      </file>
    </package>
    <package name="App\Console">
      <file name="C:\Users\S852362501\Documents\Projects\pnsl-ntm\app\Console\Kernel.php">
        <class name="App\Console\Kernel" namespace="App\Console">
          <metrics complexity="2" methods="2" coveredmethods="0" conditionals="0" coveredconditionals="0" statements="2" coveredstatements="0" elements="4" coveredelements="0"/>
        </class>
        <line num="10" type="method" name="schedule" visibility="protected" complexity="1" crap="2" count="0"/>
        <line num="12" type="stmt" count="0"/>
        <line num="15" type="method" name="commands" visibility="protected" complexity="1" crap="2" count="0"/>
        <line num="17" type="stmt" count="0"/>
        <metrics loc="20" ncloc="19" classes="1" methods="2" coveredmethods="0" conditionals="0" coveredconditionals="0" statements="2" coveredstatements="0" elements="4" coveredelements="0"/>
      </file>
    </package>
    <package name="App\Http\Controllers">
      <file name="C:\Users\S852362501\Documents\Projects\pnsl-ntm\app\Http\Controllers\AniversarioController.php">
        <class name="App\Http\Controllers\AniversarioController" namespace="App\Http\Controllers">
          <metrics complexity="1" methods="1" coveredmethods="0" conditionals="0" coveredconditionals="0" statements="4" coveredstatements="0" elements="5" coveredelements="0"/>
        </class>
        <line num="9" type="method" name="index" visibility="public" complexity="1" crap="2" count="0"/>
        <line num="11" type="stmt" count="0"/>
        <line num="13" type="stmt" count="0"/>
        <line num="14" type="stmt" count="0"/>
        <line num="15" type="stmt" count="0"/>
        <metrics loc="18" ncloc="18" classes="1" methods="1" coveredmethods="0" conditionals="0" coveredconditionals="0" statements="4" coveredstatements="0" elements="5" coveredelements="0"/>
      </file>
      <file name="C:\Users\S852362501\Documents\Projects\pnsl-ntm\app\Http\Controllers\ConfiguracoesController.php">
        <class name="App\Http\Controllers\ConfiguracoesController" namespace="App\Http\Controllers">
          <metrics complexity="1" methods="1" coveredmethods="1" conditionals="0" coveredconditionals="0" statements="1" coveredstatements="1" elements="2" coveredelements="2"/>
        </class>
        <line num="7" type="method" name="index" visibility="public" complexity="1" crap="1" count="1"/>
        <line num="9" type="stmt" count="1"/>
        <metrics loc="12" ncloc="12" classes="1" methods="1" coveredmethods="1" conditionals="0" coveredconditionals="0" statements="1" coveredstatements="1" elements="2" coveredelements="2"/>
      </file>
      <file name="C:\Users\S852362501\Documents\Projects\pnsl-ntm\app\Http\Controllers\ContatoController.php">
        <class name="App\Http\Controllers\ContatoController" namespace="App\Http\Controllers">
          <metrics complexity="3" methods="2" coveredmethods="1" conditionals="0" coveredconditionals="0" statements="59" coveredstatements="47" elements="61" coveredelements="48"/>
        </class>
        <line num="17" type="method" name="index" visibility="public" complexity="1" crap="1" count="2"/>
        <line num="19" type="stmt" count="2"/>
        <line num="20" type="stmt" count="2"/>
        <line num="22" type="stmt" count="2"/>
        <line num="24" type="stmt" count="2"/>
        <line num="25" type="stmt" count="2"/>
        <line num="26" type="stmt" count="2"/>
        <line num="28" type="stmt" count="2"/>
        <line num="29" type="stmt" count="2"/>
        <line num="30" type="stmt" count="1"/>
        <line num="31" type="stmt" count="2"/>
        <line num="32" type="stmt" count="2"/>
        <line num="33" type="stmt" count="2"/>
        <line num="34" type="stmt" count="2"/>
        <line num="35" type="stmt" count="2"/>
        <line num="36" type="stmt" count="2"/>
        <line num="37" type="stmt" count="2"/>
        <line num="38" type="stmt" count="2"/>
        <line num="39" type="stmt" count="2"/>
        <line num="40" type="stmt" count="2"/>
        <line num="41" type="stmt" count="2"/>
        <line num="42" type="stmt" count="2"/>
        <line num="44" type="stmt" count="2"/>
        <line num="46" type="stmt" count="2"/>
        <line num="47" type="stmt" count="2"/>
        <line num="48" type="stmt" count="2"/>
        <line num="49" type="stmt" count="2"/>
        <line num="51" type="stmt" count="2"/>
        <line num="52" type="stmt" count="2"/>
        <line num="53" type="stmt" count="2"/>
        <line num="54" type="stmt" count="2"/>
        <line num="55" type="stmt" count="2"/>
        <line num="56" type="stmt" count="2"/>
        <line num="57" type="stmt" count="2"/>
        <line num="60" type="method" name="destroy" visibility="public" complexity="2" crap="2.39" count="2"/>
        <line num="62" type="stmt" count="2"/>
        <line num="63" type="stmt" count="2"/>
        <line num="65" type="stmt" count="2"/>
        <line num="66" type="stmt" count="2"/>
        <line num="67" type="stmt" count="2"/>
        <line num="69" type="stmt" count="2"/>
        <line num="72" type="stmt" count="1"/>
        <line num="74" type="stmt" count="1"/>
        <line num="75" type="stmt" count="1"/>
        <line num="76" type="stmt" count="1"/>
        <line num="77" type="stmt" count="1"/>
        <line num="78" type="stmt" count="1"/>
        <line num="80" type="stmt" count="1"/>
        <line num="81" type="stmt" count="1"/>
        <line num="82" type="stmt" count="0"/>
        <line num="84" type="stmt" count="0"/>
        <line num="86" type="stmt" count="0"/>
        <line num="87" type="stmt" count="0"/>
        <line num="88" type="stmt" count="0"/>
        <line num="89" type="stmt" count="0"/>
        <line num="90" type="stmt" count="0"/>
        <line num="91" type="stmt" count="0"/>
        <line num="92" type="stmt" count="0"/>
        <line num="93" type="stmt" count="0"/>
        <line num="95" type="stmt" count="0"/>
        <line num="96" type="stmt" count="0"/>
        <metrics loc="100" ncloc="99" classes="1" methods="2" coveredmethods="1" conditionals="0" coveredconditionals="0" statements="59" coveredstatements="47" elements="61" coveredelements="48"/>
      </file>
      <file name="C:\Users\S852362501\Documents\Projects\pnsl-ntm\app\Http\Controllers\Controller.php">
        <class name="App\Http\Controllers\Controller" namespace="App\Http\Controllers">
          <metrics complexity="0" methods="0" coveredmethods="0" conditionals="0" coveredconditionals="0" statements="0" coveredstatements="0" elements="0" coveredelements="0"/>
        </class>
        <metrics loc="9" ncloc="8" classes="0" methods="0" coveredmethods="0" conditionals="0" coveredconditionals="0" statements="0" coveredstatements="0" elements="0" coveredelements="0"/>
      </file>
      <file name="C:\Users\S852362501\Documents\Projects\pnsl-ntm\app\Http\Controllers\DashboardController.php">
        <class name="App\Http\Controllers\DashboardController" namespace="App\Http\Controllers">
          <metrics complexity="1" methods="1" coveredmethods="1" conditionals="0" coveredconditionals="0" statements="36" coveredstatements="36" elements="37" coveredelements="37"/>
        </class>
        <line num="21" type="method" name="index" visibility="public" complexity="1" crap="1" count="6"/>
        <line num="23" type="stmt" count="6"/>
        <line num="24" type="stmt" count="6"/>
        <line num="25" type="stmt" count="6"/>
        <line num="27" type="stmt" count="6"/>
        <line num="28" type="stmt" count="6"/>
        <line num="29" type="stmt" count="6"/>
        <line num="30" type="stmt" count="6"/>
        <line num="31" type="stmt" count="6"/>
        <line num="32" type="stmt" count="6"/>
        <line num="34" type="stmt" count="6"/>
        <line num="35" type="stmt" count="6"/>
        <line num="36" type="stmt" count="6"/>
        <line num="37" type="stmt" count="6"/>
        <line num="38" type="stmt" count="6"/>
        <line num="40" type="stmt" count="6"/>
        <line num="41" type="stmt" count="6"/>
        <line num="42" type="stmt" count="6"/>
        <line num="43" type="stmt" count="6"/>
        <line num="45" type="stmt" count="6"/>
        <line num="47" type="stmt" count="6"/>
        <line num="48" type="stmt" count="6"/>
        <line num="49" type="stmt" count="6"/>
        <line num="50" type="stmt" count="6"/>
        <line num="51" type="stmt" count="6"/>
        <line num="52" type="stmt" count="6"/>
        <line num="53" type="stmt" count="6"/>
        <line num="54" type="stmt" count="6"/>
        <line num="55" type="stmt" count="6"/>
        <line num="57" type="stmt" count="6"/>
        <line num="58" type="stmt" count="6"/>
        <line num="59" type="stmt" count="6"/>
        <line num="60" type="stmt" count="6"/>
        <line num="61" type="stmt" count="6"/>
        <line num="62" type="stmt" count="6"/>
        <line num="63" type="stmt" count="6"/>
        <line num="64" type="stmt" count="6"/>
        <metrics loc="67" ncloc="63" classes="1" methods="1" coveredmethods="1" conditionals="0" coveredconditionals="0" statements="36" coveredstatements="36" elements="37" coveredelements="37"/>
      </file>
      <file name="C:\Users\S852362501\Documents\Projects\pnsl-ntm\app\Http\Controllers\EventoController.php">
        <class name="App\Http\Controllers\EventoController" namespace="App\Http\Controllers">
          <metrics complexity="15" methods="10" coveredmethods="5" conditionals="0" coveredconditionals="0" statements="190" coveredstatements="154" elements="200" coveredelements="159"/>
        </class>
        <line num="32" type="method" name="__construct" visibility="public" complexity="1" crap="1" count="21"/>
        <line num="34" type="stmt" count="21"/>
        <line num="35" type="stmt" count="21"/>
        <line num="41" type="method" name="index" visibility="public" complexity="2" crap="2" count="5"/>
        <line num="43" type="stmt" count="5"/>
        <line num="44" type="stmt" count="5"/>
        <line num="46" type="stmt" count="5"/>
        <line num="47" type="stmt" count="5"/>
        <line num="49" type="stmt" count="5"/>
        <line num="50" type="stmt" count="5"/>
        <line num="51" type="stmt" count="5"/>
        <line num="52" type="stmt" count="5"/>
        <line num="54" type="stmt" count="5"/>
        <line num="56" type="stmt" count="5"/>
        <line num="57" type="stmt" count="5"/>
        <line num="60" type="stmt" count="5"/>
        <line num="63" type="stmt" count="5"/>
        <line num="66" type="stmt" count="5"/>
        <line num="68" type="stmt" count="5"/>
        <line num="69" type="stmt" count="5"/>
        <line num="70" type="stmt" count="5"/>
        <line num="71" type="stmt" count="5"/>
        <line num="72" type="stmt" count="5"/>
        <line num="75" type="stmt" count="5"/>
        <line num="76" type="stmt" count="5"/>
        <line num="77" type="stmt" count="5"/>
        <line num="78" type="stmt" count="5"/>
        <line num="79" type="stmt" count="5"/>
        <line num="80" type="stmt" count="5"/>
        <line num="81" type="stmt" count="5"/>
        <line num="82" type="stmt" count="5"/>
        <line num="83" type="stmt" count="5"/>
        <line num="84" type="stmt" count="5"/>
        <line num="85" type="stmt" count="5"/>
        <line num="86" type="stmt" count="5"/>
        <line num="87" type="stmt" count="5"/>
        <line num="88" type="stmt" count="5"/>
        <line num="89" type="stmt" count="5"/>
        <line num="90" type="stmt" count="2"/>
        <line num="91" type="stmt" count="5"/>
        <line num="92" type="stmt" count="0"/>
        <line num="93" type="stmt" count="5"/>
        <line num="95" type="stmt" count="5"/>
        <line num="96" type="stmt" count="5"/>
        <line num="97" type="stmt" count="5"/>
        <line num="99" type="stmt" count="5"/>
        <line num="101" type="stmt" count="5"/>
        <line num="103" type="stmt" count="5"/>
        <line num="104" type="stmt" count="5"/>
        <line num="105" type="stmt" count="5"/>
        <line num="106" type="stmt" count="5"/>
        <line num="108" type="stmt" count="5"/>
        <line num="109" type="stmt" count="5"/>
        <line num="110" type="stmt" count="5"/>
        <line num="111" type="stmt" count="5"/>
        <line num="112" type="stmt" count="5"/>
        <line num="113" type="stmt" count="5"/>
        <line num="114" type="stmt" count="5"/>
        <line num="115" type="stmt" count="5"/>
        <line num="116" type="stmt" count="5"/>
        <line num="122" type="method" name="create" visibility="public" complexity="1" crap="1" count="2"/>
        <line num="124" type="stmt" count="2"/>
        <line num="125" type="stmt" count="2"/>
        <line num="127" type="stmt" count="2"/>
        <line num="128" type="stmt" count="2"/>
        <line num="130" type="stmt" count="2"/>
        <line num="136" type="method" name="store" visibility="public" complexity="2" crap="2.26" count="2"/>
        <line num="138" type="stmt" count="2"/>
        <line num="139" type="stmt" count="2"/>
        <line num="141" type="stmt" count="2"/>
        <line num="142" type="stmt" count="2"/>
        <line num="143" type="stmt" count="2"/>
        <line num="146" type="stmt" count="2"/>
        <line num="147" type="stmt" count="2"/>
        <line num="148" type="stmt" count="2"/>
        <line num="149" type="stmt" count="2"/>
        <line num="150" type="stmt" count="2"/>
        <line num="152" type="stmt" count="2"/>
        <line num="154" type="stmt" count="2"/>
        <line num="155" type="stmt" count="2"/>
        <line num="156" type="stmt" count="2"/>
        <line num="157" type="stmt" count="2"/>
        <line num="159" type="stmt" count="2"/>
        <line num="160" type="stmt" count="2"/>
        <line num="161" type="stmt" count="2"/>
        <line num="162" type="stmt" count="0"/>
        <line num="163" type="stmt" count="0"/>
        <line num="165" type="stmt" count="0"/>
        <line num="167" type="stmt" count="0"/>
        <line num="168" type="stmt" count="0"/>
        <line num="169" type="stmt" count="0"/>
        <line num="170" type="stmt" count="0"/>
        <line num="171" type="stmt" count="0"/>
        <line num="172" type="stmt" count="0"/>
        <line num="174" type="stmt" count="0"/>
        <line num="175" type="stmt" count="0"/>
        <line num="176" type="stmt" count="0"/>
        <line num="180" type="method" name="show" visibility="public" complexity="1" crap="2" count="0"/>
        <line num="182" type="stmt" count="0"/>
        <line num="183" type="stmt" count="0"/>
        <line num="185" type="stmt" count="0"/>
        <line num="187" type="stmt" count="0"/>
        <line num="193" type="method" name="edit" visibility="public" complexity="1" crap="1" count="3"/>
        <line num="195" type="stmt" count="3"/>
        <line num="196" type="stmt" count="3"/>
        <line num="198" type="stmt" count="3"/>
        <line num="200" type="stmt" count="3"/>
        <line num="206" type="method" name="update" visibility="public" complexity="2" crap="2.27" count="2"/>
        <line num="208" type="stmt" count="2"/>
        <line num="209" type="stmt" count="2"/>
        <line num="211" type="stmt" count="2"/>
        <line num="212" type="stmt" count="2"/>
        <line num="213" type="stmt" count="2"/>
        <line num="214" type="stmt" count="2"/>
        <line num="217" type="stmt" count="2"/>
        <line num="218" type="stmt" count="2"/>
        <line num="219" type="stmt" count="2"/>
        <line num="220" type="stmt" count="2"/>
        <line num="221" type="stmt" count="2"/>
        <line num="223" type="stmt" count="2"/>
        <line num="225" type="stmt" count="2"/>
        <line num="226" type="stmt" count="2"/>
        <line num="227" type="stmt" count="2"/>
        <line num="228" type="stmt" count="2"/>
        <line num="230" type="stmt" count="2"/>
        <line num="231" type="stmt" count="2"/>
        <line num="232" type="stmt" count="2"/>
        <line num="233" type="stmt" count="0"/>
        <line num="234" type="stmt" count="0"/>
        <line num="236" type="stmt" count="0"/>
        <line num="237" type="stmt" count="0"/>
        <line num="238" type="stmt" count="0"/>
        <line num="239" type="stmt" count="0"/>
        <line num="240" type="stmt" count="0"/>
        <line num="241" type="stmt" count="0"/>
        <line num="242" type="stmt" count="0"/>
        <line num="243" type="stmt" count="0"/>
        <line num="245" type="stmt" count="0"/>
        <line num="246" type="stmt" count="0"/>
        <line num="247" type="stmt" count="0"/>
        <line num="256" type="method" name="destroy" visibility="public" complexity="3" crap="3.24" count="3"/>
        <line num="258" type="stmt" count="3"/>
        <line num="259" type="stmt" count="3"/>
        <line num="261" type="stmt" count="3"/>
        <line num="262" type="stmt" count="3"/>
        <line num="263" type="stmt" count="3"/>
        <line num="264" type="stmt" count="3"/>
        <line num="267" type="stmt" count="3"/>
        <line num="269" type="stmt" count="3"/>
        <line num="271" type="stmt" count="3"/>
        <line num="272" type="stmt" count="3"/>
        <line num="273" type="stmt" count="3"/>
        <line num="274" type="stmt" count="3"/>
        <line num="276" type="stmt" count="3"/>
        <line num="277" type="stmt" count="3"/>
        <line num="278" type="stmt" count="0"/>
        <line num="280" type="stmt" count="0"/>
        <line num="281" type="stmt" count="0"/>
        <line num="282" type="stmt" count="0"/>
        <line num="285" type="stmt" count="0"/>
        <line num="286" type="stmt" count="0"/>
        <line num="293" type="method" name="confirm" visibility="public" complexity="1" crap="1" count="1"/>
        <line num="295" type="stmt" count="1"/>
        <line num="296" type="stmt" count="1"/>
        <line num="298" type="stmt" count="1"/>
        <line num="299" type="stmt" count="1"/>
        <line num="300" type="stmt" count="1"/>
        <line num="301" type="stmt" count="1"/>
        <line num="303" type="stmt" count="1"/>
        <line num="304" type="stmt" count="1"/>
        <line num="305" type="stmt" count="1"/>
        <line num="306" type="stmt" count="1"/>
        <line num="308" type="stmt" count="1"/>
        <line num="310" type="stmt" count="1"/>
        <line num="311" type="stmt" count="1"/>
        <line num="312" type="stmt" count="1"/>
        <line num="313" type="stmt" count="1"/>
        <line num="314" type="stmt" count="1"/>
        <line num="316" type="stmt" count="1"/>
        <line num="317" type="stmt" count="1"/>
        <line num="318" type="stmt" count="1"/>
        <line num="324" type="method" name="timeline" visibility="public" complexity="1" crap="1" count="1"/>
        <line num="326" type="stmt" count="1"/>
        <line num="327" type="stmt" count="1"/>
        <line num="329" type="stmt" count="1"/>
        <line num="331" type="stmt" count="1"/>
        <line num="332" type="stmt" count="1"/>
        <line num="333" type="stmt" count="1"/>
        <line num="334" type="stmt" count="1"/>
        <line num="336" type="stmt" count="1"/>
        <line num="337" type="stmt" count="1"/>
        <line num="338" type="stmt" count="1"/>
        <line num="340" type="stmt" count="1"/>
        <line num="342" type="stmt" count="1"/>
        <line num="343" type="stmt" count="1"/>
        <line num="344" type="stmt" count="1"/>
        <line num="345" type="stmt" count="1"/>
        <line num="346" type="stmt" count="1"/>
        <line num="347" type="stmt" count="1"/>
        <line num="349" type="stmt" count="1"/>
        <metrics loc="352" ncloc="320" classes="1" methods="10" coveredmethods="5" conditionals="0" coveredconditionals="0" statements="190" coveredstatements="154" elements="200" coveredelements="159"/>
      </file>
      <file name="C:\Users\S852362501\Documents\Projects\pnsl-ntm\app\Http\Controllers\FichaEccController.php">
        <class name="App\Http\Controllers\FichaEccController" namespace="App\Http\Controllers">
          <metrics complexity="20" methods="9" coveredmethods="4" conditionals="0" coveredconditionals="0" statements="191" coveredstatements="145" elements="200" coveredelements="149"/>
        </class>
        <line num="21" type="method" name="__construct" visibility="public" complexity="1" crap="1" count="13"/>
        <line num="23" type="stmt" count="13"/>
        <line num="29" type="method" name="index" visibility="public" complexity="2" crap="2.02" count="1"/>
        <line num="32" type="stmt" count="1"/>
        <line num="33" type="stmt" count="1"/>
        <line num="35" type="stmt" count="1"/>
        <line num="36" type="stmt" count="1"/>
        <line num="37" type="stmt" count="1"/>
        <line num="39" type="stmt" count="1"/>
        <line num="40" type="stmt" count="1"/>
        <line num="41" type="stmt" count="1"/>
        <line num="42" type="stmt" count="1"/>
        <line num="44" type="stmt" count="1"/>
        <line num="45" type="stmt" count="0"/>
        <line num="48" type="stmt" count="1"/>
        <line num="49" type="stmt" count="1"/>
        <line num="50" type="stmt" count="0"/>
        <line num="51" type="stmt" count="0"/>
        <line num="52" type="stmt" count="0"/>
        <line num="53" type="stmt" count="0"/>
        <line num="54" type="stmt" count="1"/>
        <line num="55" type="stmt" count="1"/>
        <line num="56" type="stmt" count="0"/>
        <line num="57" type="stmt" count="1"/>
        <line num="58" type="stmt" count="1"/>
        <line num="59" type="stmt" count="1"/>
        <line num="60" type="stmt" count="1"/>
        <line num="61" type="stmt" count="1"/>
        <line num="62" type="stmt" count="1"/>
        <line num="63" type="stmt" count="1"/>
        <line num="65" type="stmt" count="1"/>
        <line num="67" type="stmt" count="1"/>
        <line num="68" type="stmt" count="1"/>
        <line num="69" type="stmt" count="1"/>
        <line num="70" type="stmt" count="1"/>
        <line num="72" type="stmt" count="1"/>
        <line num="78" type="method" name="create" visibility="public" complexity="1" crap="1" count="1"/>
        <line num="80" type="stmt" count="1"/>
        <line num="81" type="stmt" count="1"/>
        <line num="83" type="stmt" count="1"/>
        <line num="84" type="stmt" count="1"/>
        <line num="86" type="stmt" count="1"/>
        <line num="87" type="stmt" count="1"/>
        <line num="88" type="stmt" count="1"/>
        <line num="89" type="stmt" count="1"/>
        <line num="90" type="stmt" count="1"/>
        <line num="96" type="method" name="store" visibility="public" complexity="5" crap="5.07" count="1"/>
        <line num="99" type="stmt" count="1"/>
        <line num="100" type="stmt" count="1"/>
        <line num="102" type="stmt" count="1"/>
        <line num="103" type="stmt" count="1"/>
        <line num="104" type="stmt" count="1"/>
        <line num="105" type="stmt" count="1"/>
        <line num="107" type="stmt" count="1"/>
        <line num="109" type="stmt" count="1"/>
        <line num="110" type="stmt" count="1"/>
        <line num="111" type="stmt" count="1"/>
        <line num="114" type="stmt" count="1"/>
        <line num="115" type="stmt" count="1"/>
        <line num="116" type="stmt" count="1"/>
        <line num="117" type="stmt" count="1"/>
        <line num="118" type="stmt" count="1"/>
        <line num="119" type="stmt" count="1"/>
        <line num="120" type="stmt" count="1"/>
        <line num="121" type="stmt" count="1"/>
        <line num="123" type="stmt" count="1"/>
        <line num="126" type="stmt" count="1"/>
        <line num="128" type="stmt" count="1"/>
        <line num="129" type="stmt" count="1"/>
        <line num="130" type="stmt" count="1"/>
        <line num="131" type="stmt" count="1"/>
        <line num="132" type="stmt" count="1"/>
        <line num="133" type="stmt" count="1"/>
        <line num="134" type="stmt" count="1"/>
        <line num="135" type="stmt" count="1"/>
        <line num="136" type="stmt" count="1"/>
        <line num="139" type="stmt" count="1"/>
        <line num="140" type="stmt" count="0"/>
        <line num="141" type="stmt" count="0"/>
        <line num="142" type="stmt" count="0"/>
        <line num="143" type="stmt" count="0"/>
        <line num="144" type="stmt" count="0"/>
        <line num="145" type="stmt" count="0"/>
        <line num="150" type="stmt" count="1"/>
        <line num="152" type="stmt" count="1"/>
        <line num="153" type="stmt" count="1"/>
        <line num="154" type="stmt" count="1"/>
        <line num="155" type="stmt" count="1"/>
        <line num="157" type="stmt" count="1"/>
        <line num="163" type="method" name="show" visibility="public" complexity="1" crap="2" count="0"/>
        <line num="165" type="stmt" count="0"/>
        <line num="166" type="stmt" count="0"/>
        <line num="168" type="stmt" count="0"/>
        <line num="169" type="stmt" count="0"/>
        <line num="171" type="stmt" count="0"/>
        <line num="172" type="stmt" count="0"/>
        <line num="173" type="stmt" count="0"/>
        <line num="174" type="stmt" count="0"/>
        <line num="175" type="stmt" count="0"/>
        <line num="181" type="method" name="edit" visibility="public" complexity="1" crap="1" count="1"/>
        <line num="183" type="stmt" count="1"/>
        <line num="184" type="stmt" count="1"/>
        <line num="186" type="stmt" count="1"/>
        <line num="187" type="stmt" count="1"/>
        <line num="189" type="stmt" count="1"/>
        <line num="190" type="stmt" count="1"/>
        <line num="191" type="stmt" count="1"/>
        <line num="192" type="stmt" count="1"/>
        <line num="193" type="stmt" count="1"/>
        <line num="196" type="method" name="update" visibility="public" complexity="5" crap="5.19" count="1"/>
        <line num="198" type="stmt" count="1"/>
        <line num="199" type="stmt" count="1"/>
        <line num="201" type="stmt" count="1"/>
        <line num="202" type="stmt" count="1"/>
        <line num="203" type="stmt" count="1"/>
        <line num="204" type="stmt" count="1"/>
        <line num="206" type="stmt" count="1"/>
        <line num="208" type="stmt" count="1"/>
        <line num="210" type="stmt" count="1"/>
        <line num="211" type="stmt" count="1"/>
        <line num="212" type="stmt" count="1"/>
        <line num="213" type="stmt" count="1"/>
        <line num="214" type="stmt" count="1"/>
        <line num="215" type="stmt" count="1"/>
        <line num="216" type="stmt" count="1"/>
        <line num="217" type="stmt" count="1"/>
        <line num="218" type="stmt" count="1"/>
        <line num="219" type="stmt" count="1"/>
        <line num="221" type="stmt" count="1"/>
        <line num="223" type="stmt" count="1"/>
        <line num="224" type="stmt" count="1"/>
        <line num="225" type="stmt" count="1"/>
        <line num="226" type="stmt" count="1"/>
        <line num="227" type="stmt" count="1"/>
        <line num="228" type="stmt" count="1"/>
        <line num="229" type="stmt" count="1"/>
        <line num="231" type="stmt" count="1"/>
        <line num="232" type="stmt" count="1"/>
        <line num="234" type="stmt" count="1"/>
        <line num="235" type="stmt" count="1"/>
        <line num="237" type="stmt" count="0"/>
        <line num="241" type="stmt" count="1"/>
        <line num="242" type="stmt" count="0"/>
        <line num="243" type="stmt" count="0"/>
        <line num="245" type="stmt" count="0"/>
        <line num="246" type="stmt" count="0"/>
        <line num="248" type="stmt" count="0"/>
        <line num="249" type="stmt" count="0"/>
        <line num="250" type="stmt" count="0"/>
        <line num="251" type="stmt" count="0"/>
        <line num="255" type="stmt" count="1"/>
        <line num="257" type="stmt" count="1"/>
        <line num="258" type="stmt" count="1"/>
        <line num="259" type="stmt" count="1"/>
        <line num="260" type="stmt" count="1"/>
        <line num="262" type="stmt" count="1"/>
        <line num="265" type="method" name="approve" visibility="public" complexity="1" crap="1" count="3"/>
        <line num="267" type="stmt" count="3"/>
        <line num="268" type="stmt" count="3"/>
        <line num="270" type="stmt" count="3"/>
        <line num="271" type="stmt" count="3"/>
        <line num="272" type="stmt" count="3"/>
        <line num="274" type="stmt" count="3"/>
        <line num="276" type="stmt" count="3"/>
        <line num="278" type="stmt" count="3"/>
        <line num="279" type="stmt" count="3"/>
        <line num="280" type="stmt" count="3"/>
        <line num="281" type="stmt" count="3"/>
        <line num="283" type="stmt" count="3"/>
        <line num="289" type="method" name="destroy" visibility="public" complexity="3" crap="4.37" count="2"/>
        <line num="291" type="stmt" count="2"/>
        <line num="292" type="stmt" count="2"/>
        <line num="294" type="stmt" count="2"/>
        <line num="295" type="stmt" count="2"/>
        <line num="296" type="stmt" count="2"/>
        <line num="299" type="stmt" count="2"/>
        <line num="301" type="stmt" count="2"/>
        <line num="303" type="stmt" count="2"/>
        <line num="304" type="stmt" count="2"/>
        <line num="305" type="stmt" count="2"/>
        <line num="306" type="stmt" count="2"/>
        <line num="308" type="stmt" count="2"/>
        <line num="309" type="stmt" count="2"/>
        <line num="310" type="stmt" count="2"/>
        <line num="311" type="stmt" count="0"/>
        <line num="312" type="stmt" count="0"/>
        <line num="313" type="stmt" count="0"/>
        <line num="314" type="stmt" count="0"/>
        <line num="315" type="stmt" count="0"/>
        <line num="318" type="stmt" count="0"/>
        <line num="320" type="stmt" count="0"/>
        <line num="321" type="stmt" count="0"/>
        <line num="322" type="stmt" count="0"/>
        <line num="323" type="stmt" count="0"/>
        <line num="324" type="stmt" count="0"/>
        <line num="325" type="stmt" count="0"/>
        <line num="326" type="stmt" count="0"/>
        <line num="328" type="stmt" count="0"/>
        <line num="329" type="stmt" count="0"/>
        <line num="330" type="stmt" count="0"/>
        <metrics loc="334" ncloc="314" classes="1" methods="9" coveredmethods="4" conditionals="0" coveredconditionals="0" statements="191" coveredstatements="145" elements="200" coveredelements="149"/>
      </file>
      <file name="C:\Users\S852362501\Documents\Projects\pnsl-ntm\app\Http\Controllers\FichaSGMController.php">
        <class name="App\Http\Controllers\FichaSGMController" namespace="App\Http\Controllers">
          <metrics complexity="24" methods="9" coveredmethods="5" conditionals="0" coveredconditionals="0" statements="165" coveredstatements="120" elements="174" coveredelements="125"/>
        </class>
        <line num="22" type="method" name="__construct" visibility="public" complexity="1" crap="1" count="8"/>
        <line num="24" type="stmt" count="8"/>
        <line num="27" type="method" name="index" visibility="public" complexity="2" crap="2.02" count="1"/>
        <line num="29" type="stmt" count="1"/>
        <line num="30" type="stmt" count="1"/>
        <line num="32" type="stmt" count="1"/>
        <line num="33" type="stmt" count="1"/>
        <line num="34" type="stmt" count="1"/>
        <line num="36" type="stmt" count="1"/>
        <line num="37" type="stmt" count="1"/>
        <line num="38" type="stmt" count="1"/>
        <line num="39" type="stmt" count="1"/>
        <line num="41" type="stmt" count="1"/>
        <line num="42" type="stmt" count="0"/>
        <line num="45" type="stmt" count="1"/>
        <line num="46" type="stmt" count="1"/>
        <line num="47" type="stmt" count="0"/>
        <line num="48" type="stmt" count="0"/>
        <line num="49" type="stmt" count="0"/>
        <line num="50" type="stmt" count="0"/>
        <line num="51" type="stmt" count="1"/>
        <line num="52" type="stmt" count="1"/>
        <line num="53" type="stmt" count="0"/>
        <line num="54" type="stmt" count="1"/>
        <line num="55" type="stmt" count="1"/>
        <line num="56" type="stmt" count="1"/>
        <line num="57" type="stmt" count="1"/>
        <line num="58" type="stmt" count="1"/>
        <line num="59" type="stmt" count="1"/>
        <line num="60" type="stmt" count="1"/>
        <line num="62" type="stmt" count="1"/>
        <line num="64" type="stmt" count="1"/>
        <line num="65" type="stmt" count="1"/>
        <line num="66" type="stmt" count="1"/>
        <line num="67" type="stmt" count="1"/>
        <line num="69" type="stmt" count="1"/>
        <line num="72" type="method" name="create" visibility="public" complexity="1" crap="1" count="1"/>
        <line num="74" type="stmt" count="1"/>
        <line num="76" type="stmt" count="1"/>
        <line num="78" type="stmt" count="1"/>
        <line num="79" type="stmt" count="1"/>
        <line num="81" type="stmt" count="1"/>
        <line num="82" type="stmt" count="1"/>
        <line num="83" type="stmt" count="1"/>
        <line num="84" type="stmt" count="1"/>
        <line num="85" type="stmt" count="1"/>
        <line num="88" type="method" name="store" visibility="public" complexity="5" crap="5.39" count="1"/>
        <line num="92" type="stmt" count="1"/>
        <line num="93" type="stmt" count="1"/>
        <line num="95" type="stmt" count="1"/>
        <line num="96" type="stmt" count="1"/>
        <line num="97" type="stmt" count="1"/>
        <line num="98" type="stmt" count="1"/>
        <line num="100" type="stmt" count="1"/>
        <line num="101" type="stmt" count="1"/>
        <line num="103" type="stmt" count="1"/>
        <line num="104" type="stmt" count="1"/>
        <line num="105" type="stmt" count="1"/>
        <line num="108" type="stmt" count="1"/>
        <line num="109" type="stmt" count="0"/>
        <line num="110" type="stmt" count="0"/>
        <line num="111" type="stmt" count="0"/>
        <line num="112" type="stmt" count="0"/>
        <line num="113" type="stmt" count="0"/>
        <line num="114" type="stmt" count="0"/>
        <line num="119" type="stmt" count="1"/>
        <line num="121" type="stmt" count="1"/>
        <line num="122" type="stmt" count="1"/>
        <line num="123" type="stmt" count="1"/>
        <line num="124" type="stmt" count="1"/>
        <line num="126" type="stmt" count="1"/>
        <line num="129" type="method" name="show" visibility="public" complexity="1" crap="1" count="1"/>
        <line num="131" type="stmt" count="1"/>
        <line num="132" type="stmt" count="1"/>
        <line num="134" type="stmt" count="1"/>
        <line num="136" type="stmt" count="1"/>
        <line num="137" type="stmt" count="1"/>
        <line num="138" type="stmt" count="1"/>
        <line num="139" type="stmt" count="1"/>
        <line num="140" type="stmt" count="1"/>
        <line num="143" type="method" name="edit" visibility="public" complexity="1" crap="1" count="1"/>
        <line num="145" type="stmt" count="1"/>
        <line num="147" type="stmt" count="1"/>
        <line num="149" type="stmt" count="1"/>
        <line num="151" type="stmt" count="1"/>
        <line num="152" type="stmt" count="1"/>
        <line num="153" type="stmt" count="1"/>
        <line num="154" type="stmt" count="1"/>
        <line num="155" type="stmt" count="1"/>
        <line num="158" type="method" name="update" visibility="public" complexity="9" crap="15.22" count="1"/>
        <line num="164" type="stmt" count="1"/>
        <line num="165" type="stmt" count="1"/>
        <line num="167" type="stmt" count="1"/>
        <line num="168" type="stmt" count="1"/>
        <line num="169" type="stmt" count="1"/>
        <line num="170" type="stmt" count="1"/>
        <line num="172" type="stmt" count="1"/>
        <line num="174" type="stmt" count="1"/>
        <line num="175" type="stmt" count="1"/>
        <line num="177" type="stmt" count="1"/>
        <line num="178" type="stmt" count="1"/>
        <line num="179" type="stmt" count="1"/>
        <line num="181" type="stmt" count="1"/>
        <line num="182" type="stmt" count="1"/>
        <line num="184" type="stmt" count="0"/>
        <line num="188" type="stmt" count="1"/>
        <line num="189" type="stmt" count="0"/>
        <line num="190" type="stmt" count="0"/>
        <line num="192" type="stmt" count="0"/>
        <line num="193" type="stmt" count="0"/>
        <line num="194" type="stmt" count="0"/>
        <line num="195" type="stmt" count="0"/>
        <line num="197" type="stmt" count="0"/>
        <line num="198" type="stmt" count="0"/>
        <line num="199" type="stmt" count="0"/>
        <line num="200" type="stmt" count="0"/>
        <line num="204" type="stmt" count="1"/>
        <line num="206" type="stmt" count="1"/>
        <line num="207" type="stmt" count="0"/>
        <line num="208" type="stmt" count="0"/>
        <line num="209" type="stmt" count="0"/>
        <line num="210" type="stmt" count="0"/>
        <line num="211" type="stmt" count="0"/>
        <line num="212" type="stmt" count="0"/>
        <line num="217" type="stmt" count="1"/>
        <line num="219" type="stmt" count="1"/>
        <line num="220" type="stmt" count="1"/>
        <line num="221" type="stmt" count="1"/>
        <line num="222" type="stmt" count="1"/>
        <line num="224" type="stmt" count="1"/>
        <line num="227" type="method" name="approve" visibility="public" complexity="1" crap="1" count="1"/>
        <line num="229" type="stmt" count="1"/>
        <line num="230" type="stmt" count="1"/>
        <line num="232" type="stmt" count="1"/>
        <line num="233" type="stmt" count="1"/>
        <line num="234" type="stmt" count="1"/>
        <line num="236" type="stmt" count="1"/>
        <line num="238" type="stmt" count="1"/>
        <line num="240" type="stmt" count="1"/>
        <line num="241" type="stmt" count="1"/>
        <line num="242" type="stmt" count="1"/>
        <line num="243" type="stmt" count="1"/>
        <line num="245" type="stmt" count="1"/>
        <line num="248" type="method" name="destroy" visibility="public" complexity="3" crap="4.37" count="1"/>
        <line num="250" type="stmt" count="1"/>
        <line num="251" type="stmt" count="1"/>
        <line num="253" type="stmt" count="1"/>
        <line num="254" type="stmt" count="1"/>
        <line num="255" type="stmt" count="1"/>
        <line num="258" type="stmt" count="1"/>
        <line num="260" type="stmt" count="1"/>
        <line num="262" type="stmt" count="1"/>
        <line num="263" type="stmt" count="1"/>
        <line num="264" type="stmt" count="1"/>
        <line num="265" type="stmt" count="1"/>
        <line num="267" type="stmt" count="1"/>
        <line num="268" type="stmt" count="1"/>
        <line num="269" type="stmt" count="1"/>
        <line num="270" type="stmt" count="0"/>
        <line num="271" type="stmt" count="0"/>
        <line num="272" type="stmt" count="0"/>
        <line num="273" type="stmt" count="0"/>
        <line num="274" type="stmt" count="0"/>
        <line num="277" type="stmt" count="0"/>
        <line num="279" type="stmt" count="0"/>
        <line num="280" type="stmt" count="0"/>
        <line num="281" type="stmt" count="0"/>
        <line num="282" type="stmt" count="0"/>
        <line num="283" type="stmt" count="0"/>
        <line num="284" type="stmt" count="0"/>
        <line num="285" type="stmt" count="0"/>
        <line num="287" type="stmt" count="0"/>
        <line num="288" type="stmt" count="0"/>
        <line num="289" type="stmt" count="0"/>
        <metrics loc="293" ncloc="292" classes="1" methods="9" coveredmethods="5" conditionals="0" coveredconditionals="0" statements="165" coveredstatements="120" elements="174" coveredelements="125"/>
      </file>
      <file name="C:\Users\S852362501\Documents\Projects\pnsl-ntm\app\Http\Controllers\FichaVemController.php">
        <class name="App\Http\Controllers\FichaVemController" namespace="App\Http\Controllers">
          <metrics complexity="25" methods="9" coveredmethods="5" conditionals="0" coveredconditionals="0" statements="191" coveredstatements="144" elements="200" coveredelements="149"/>
        </class>
        <line num="21" type="method" name="__construct" visibility="public" complexity="1" crap="1" count="12"/>
        <line num="23" type="stmt" count="12"/>
        <line num="29" type="method" name="index" visibility="public" complexity="2" crap="2.02" count="1"/>
        <line num="31" type="stmt" count="1"/>
        <line num="32" type="stmt" count="1"/>
        <line num="34" type="stmt" count="1"/>
        <line num="35" type="stmt" count="1"/>
        <line num="36" type="stmt" count="1"/>
        <line num="38" type="stmt" count="1"/>
        <line num="39" type="stmt" count="1"/>
        <line num="40" type="stmt" count="1"/>
        <line num="41" type="stmt" count="1"/>
        <line num="43" type="stmt" count="1"/>
        <line num="44" type="stmt" count="0"/>
        <line num="47" type="stmt" count="1"/>
        <line num="48" type="stmt" count="1"/>
        <line num="49" type="stmt" count="0"/>
        <line num="50" type="stmt" count="0"/>
        <line num="51" type="stmt" count="0"/>
        <line num="52" type="stmt" count="0"/>
        <line num="53" type="stmt" count="1"/>
        <line num="54" type="stmt" count="1"/>
        <line num="55" type="stmt" count="0"/>
        <line num="56" type="stmt" count="1"/>
        <line num="57" type="stmt" count="1"/>
        <line num="58" type="stmt" count="1"/>
        <line num="59" type="stmt" count="1"/>
        <line num="60" type="stmt" count="1"/>
        <line num="61" type="stmt" count="1"/>
        <line num="62" type="stmt" count="1"/>
        <line num="64" type="stmt" count="1"/>
        <line num="66" type="stmt" count="1"/>
        <line num="67" type="stmt" count="1"/>
        <line num="68" type="stmt" count="1"/>
        <line num="69" type="stmt" count="1"/>
        <line num="71" type="stmt" count="1"/>
        <line num="77" type="method" name="create" visibility="public" complexity="1" crap="1" count="1"/>
        <line num="79" type="stmt" count="1"/>
        <line num="80" type="stmt" count="1"/>
        <line num="82" type="stmt" count="1"/>
        <line num="83" type="stmt" count="1"/>
        <line num="85" type="stmt" count="1"/>
        <line num="86" type="stmt" count="1"/>
        <line num="87" type="stmt" count="1"/>
        <line num="88" type="stmt" count="1"/>
        <line num="89" type="stmt" count="1"/>
        <line num="95" type="method" name="store" visibility="public" complexity="6" crap="6" count="2"/>
        <line num="99" type="stmt" count="2"/>
        <line num="100" type="stmt" count="2"/>
        <line num="102" type="stmt" count="2"/>
        <line num="103" type="stmt" count="2"/>
        <line num="104" type="stmt" count="2"/>
        <line num="105" type="stmt" count="2"/>
        <line num="107" type="stmt" count="2"/>
        <line num="108" type="stmt" count="2"/>
        <line num="109" type="stmt" count="2"/>
        <line num="110" type="stmt" count="2"/>
        <line num="111" type="stmt" count="2"/>
        <line num="112" type="stmt" count="2"/>
        <line num="113" type="stmt" count="2"/>
        <line num="116" type="stmt" count="2"/>
        <line num="117" type="stmt" count="2"/>
        <line num="118" type="stmt" count="2"/>
        <line num="121" type="stmt" count="2"/>
        <line num="122" type="stmt" count="2"/>
        <line num="123" type="stmt" count="2"/>
        <line num="124" type="stmt" count="2"/>
        <line num="125" type="stmt" count="2"/>
        <line num="126" type="stmt" count="2"/>
        <line num="127" type="stmt" count="2"/>
        <line num="128" type="stmt" count="2"/>
        <line num="130" type="stmt" count="2"/>
        <line num="132" type="stmt" count="2"/>
        <line num="134" type="stmt" count="2"/>
        <line num="135" type="stmt" count="2"/>
        <line num="136" type="stmt" count="2"/>
        <line num="137" type="stmt" count="2"/>
        <line num="138" type="stmt" count="2"/>
        <line num="139" type="stmt" count="2"/>
        <line num="140" type="stmt" count="2"/>
        <line num="141" type="stmt" count="2"/>
        <line num="142" type="stmt" count="2"/>
        <line num="143" type="stmt" count="2"/>
        <line num="145" type="stmt" count="2"/>
        <line num="148" type="stmt" count="2"/>
        <line num="149" type="stmt" count="1"/>
        <line num="150" type="stmt" count="1"/>
        <line num="151" type="stmt" count="1"/>
        <line num="152" type="stmt" count="1"/>
        <line num="153" type="stmt" count="1"/>
        <line num="154" type="stmt" count="1"/>
        <line num="159" type="stmt" count="2"/>
        <line num="160" type="stmt" count="2"/>
        <line num="161" type="stmt" count="2"/>
        <line num="162" type="stmt" count="2"/>
        <line num="163" type="stmt" count="2"/>
        <line num="165" type="stmt" count="2"/>
        <line num="171" type="method" name="show" visibility="public" complexity="1" crap="2" count="0"/>
        <line num="173" type="stmt" count="0"/>
        <line num="174" type="stmt" count="0"/>
        <line num="176" type="stmt" count="0"/>
        <line num="178" type="stmt" count="0"/>
        <line num="179" type="stmt" count="0"/>
        <line num="180" type="stmt" count="0"/>
        <line num="181" type="stmt" count="0"/>
        <line num="182" type="stmt" count="0"/>
        <line num="188" type="method" name="edit" visibility="public" complexity="1" crap="1" count="1"/>
        <line num="190" type="stmt" count="1"/>
        <line num="191" type="stmt" count="1"/>
        <line num="193" type="stmt" count="1"/>
        <line num="195" type="stmt" count="1"/>
        <line num="196" type="stmt" count="1"/>
        <line num="197" type="stmt" count="1"/>
        <line num="198" type="stmt" count="1"/>
        <line num="199" type="stmt" count="1"/>
        <line num="205" type="method" name="update" visibility="public" complexity="9" crap="15.22" count="1"/>
        <line num="209" type="stmt" count="1"/>
        <line num="210" type="stmt" count="1"/>
        <line num="212" type="stmt" count="1"/>
        <line num="213" type="stmt" count="1"/>
        <line num="214" type="stmt" count="1"/>
        <line num="215" type="stmt" count="1"/>
        <line num="217" type="stmt" count="1"/>
        <line num="219" type="stmt" count="1"/>
        <line num="220" type="stmt" count="1"/>
        <line num="224" type="stmt" count="1"/>
        <line num="225" type="stmt" count="1"/>
        <line num="226" type="stmt" count="1"/>
        <line num="228" type="stmt" count="1"/>
        <line num="229" type="stmt" count="1"/>
        <line num="231" type="stmt" count="0"/>
        <line num="235" type="stmt" count="1"/>
        <line num="236" type="stmt" count="0"/>
        <line num="237" type="stmt" count="0"/>
        <line num="239" type="stmt" count="0"/>
        <line num="240" type="stmt" count="0"/>
        <line num="241" type="stmt" count="0"/>
        <line num="242" type="stmt" count="0"/>
        <line num="244" type="stmt" count="0"/>
        <line num="245" type="stmt" count="0"/>
        <line num="246" type="stmt" count="0"/>
        <line num="247" type="stmt" count="0"/>
        <line num="251" type="stmt" count="1"/>
        <line num="254" type="stmt" count="1"/>
        <line num="255" type="stmt" count="0"/>
        <line num="256" type="stmt" count="0"/>
        <line num="257" type="stmt" count="0"/>
        <line num="258" type="stmt" count="0"/>
        <line num="259" type="stmt" count="0"/>
        <line num="260" type="stmt" count="0"/>
        <line num="265" type="stmt" count="1"/>
        <line num="266" type="stmt" count="1"/>
        <line num="267" type="stmt" count="1"/>
        <line num="268" type="stmt" count="1"/>
        <line num="269" type="stmt" count="1"/>
        <line num="271" type="stmt" count="1"/>
        <line num="274" type="method" name="approve" visibility="public" complexity="1" crap="1" count="2"/>
        <line num="276" type="stmt" count="2"/>
        <line num="277" type="stmt" count="2"/>
        <line num="279" type="stmt" count="2"/>
        <line num="280" type="stmt" count="2"/>
        <line num="281" type="stmt" count="2"/>
        <line num="283" type="stmt" count="2"/>
        <line num="285" type="stmt" count="2"/>
        <line num="286" type="stmt" count="2"/>
        <line num="287" type="stmt" count="2"/>
        <line num="288" type="stmt" count="2"/>
        <line num="289" type="stmt" count="2"/>
        <line num="291" type="stmt" count="2"/>
        <line num="297" type="method" name="destroy" visibility="public" complexity="3" crap="4.37" count="2"/>
        <line num="299" type="stmt" count="2"/>
        <line num="300" type="stmt" count="2"/>
        <line num="302" type="stmt" count="2"/>
        <line num="303" type="stmt" count="2"/>
        <line num="304" type="stmt" count="2"/>
        <line num="309" type="stmt" count="2"/>
        <line num="311" type="stmt" count="2"/>
        <line num="312" type="stmt" count="2"/>
        <line num="313" type="stmt" count="2"/>
        <line num="314" type="stmt" count="2"/>
        <line num="315" type="stmt" count="2"/>
        <line num="317" type="stmt" count="2"/>
        <line num="318" type="stmt" count="2"/>
        <line num="319" type="stmt" count="2"/>
        <line num="320" type="stmt" count="0"/>
        <line num="322" type="stmt" count="0"/>
        <line num="323" type="stmt" count="0"/>
        <line num="324" type="stmt" count="0"/>
        <line num="325" type="stmt" count="0"/>
        <line num="326" type="stmt" count="0"/>
        <line num="327" type="stmt" count="0"/>
        <line num="328" type="stmt" count="0"/>
        <line num="329" type="stmt" count="0"/>
        <line num="331" type="stmt" count="0"/>
        <line num="332" type="stmt" count="0"/>
        <line num="333" type="stmt" count="0"/>
        <line num="334" type="stmt" count="0"/>
        <line num="338" type="stmt" count="0"/>
        <line num="339" type="stmt" count="0"/>
        <line num="340" type="stmt" count="0"/>
        <metrics loc="344" ncloc="313" classes="1" methods="9" coveredmethods="5" conditionals="0" coveredconditionals="0" statements="191" coveredstatements="144" elements="200" coveredelements="149"/>
      </file>
      <file name="C:\Users\S852362501\Documents\Projects\pnsl-ntm\app\Http\Controllers\HomeController.php">
        <class name="App\Http\Controllers\HomeController" namespace="App\Http\Controllers">
          <metrics complexity="6" methods="6" coveredmethods="6" conditionals="0" coveredconditionals="0" statements="78" coveredstatements="78" elements="84" coveredelements="84"/>
        </class>
        <line num="20" type="method" name="__construct" visibility="public" complexity="1" crap="1" count="11"/>
        <line num="22" type="stmt" count="11"/>
        <line num="25" type="method" name="index" visibility="public" complexity="1" crap="1" count="6"/>
        <line num="27" type="stmt" count="6"/>
        <line num="28" type="stmt" count="6"/>
        <line num="29" type="stmt" count="6"/>
        <line num="31" type="stmt" count="6"/>
        <line num="32" type="stmt" count="6"/>
        <line num="33" type="stmt" count="6"/>
        <line num="34" type="stmt" count="6"/>
        <line num="35" type="stmt" count="6"/>
        <line num="37" type="stmt" count="6"/>
        <line num="38" type="stmt" count="6"/>
        <line num="39" type="stmt" count="6"/>
        <line num="40" type="stmt" count="6"/>
        <line num="41" type="stmt" count="6"/>
        <line num="42" type="stmt" count="6"/>
        <line num="44" type="stmt" count="6"/>
        <line num="46" type="stmt" count="6"/>
        <line num="47" type="stmt" count="6"/>
        <line num="48" type="stmt" count="6"/>
        <line num="49" type="stmt" count="6"/>
        <line num="50" type="stmt" count="6"/>
        <line num="52" type="stmt" count="6"/>
        <line num="55" type="method" name="contato" visibility="public" complexity="1" crap="1" count="2"/>
        <line num="57" type="stmt" count="2"/>
        <line num="58" type="stmt" count="2"/>
        <line num="59" type="stmt" count="2"/>
        <line num="60" type="stmt" count="2"/>
        <line num="61" type="stmt" count="2"/>
        <line num="62" type="stmt" count="2"/>
        <line num="64" type="stmt" count="2"/>
        <line num="65" type="stmt" count="2"/>
        <line num="66" type="stmt" count="2"/>
        <line num="67" type="stmt" count="2"/>
        <line num="68" type="stmt" count="2"/>
        <line num="69" type="stmt" count="2"/>
        <line num="70" type="stmt" count="2"/>
        <line num="72" type="stmt" count="1"/>
        <line num="74" type="stmt" count="1"/>
        <line num="75" type="stmt" count="1"/>
        <line num="76" type="stmt" count="1"/>
        <line num="77" type="stmt" count="1"/>
        <line num="78" type="stmt" count="1"/>
        <line num="80" type="stmt" count="1"/>
        <line num="83" type="method" name="fichaVem" visibility="public" complexity="1" crap="1" count="1"/>
        <line num="85" type="stmt" count="1"/>
        <line num="86" type="stmt" count="1"/>
        <line num="87" type="stmt" count="1"/>
        <line num="89" type="stmt" count="1"/>
        <line num="90" type="stmt" count="1"/>
        <line num="91" type="stmt" count="1"/>
        <line num="93" type="stmt" count="1"/>
        <line num="94" type="stmt" count="1"/>
        <line num="95" type="stmt" count="1"/>
        <line num="96" type="stmt" count="1"/>
        <line num="97" type="stmt" count="1"/>
        <line num="99" type="stmt" count="1"/>
        <line num="100" type="stmt" count="1"/>
        <line num="101" type="stmt" count="1"/>
        <line num="102" type="stmt" count="1"/>
        <line num="103" type="stmt" count="1"/>
        <line num="106" type="method" name="fichaEcc" visibility="public" complexity="1" crap="1" count="1"/>
        <line num="108" type="stmt" count="1"/>
        <line num="109" type="stmt" count="1"/>
        <line num="111" type="stmt" count="1"/>
        <line num="112" type="stmt" count="1"/>
        <line num="113" type="stmt" count="1"/>
        <line num="115" type="stmt" count="1"/>
        <line num="116" type="stmt" count="1"/>
        <line num="117" type="stmt" count="1"/>
        <line num="118" type="stmt" count="1"/>
        <line num="119" type="stmt" count="1"/>
        <line num="122" type="method" name="fichaSgm" visibility="public" complexity="1" crap="1" count="1"/>
        <line num="124" type="stmt" count="1"/>
        <line num="125" type="stmt" count="1"/>
        <line num="127" type="stmt" count="1"/>
        <line num="128" type="stmt" count="1"/>
        <line num="129" type="stmt" count="1"/>
        <line num="131" type="stmt" count="1"/>
        <line num="132" type="stmt" count="1"/>
        <line num="133" type="stmt" count="1"/>
        <line num="134" type="stmt" count="1"/>
        <line num="135" type="stmt" count="1"/>
        <metrics loc="138" ncloc="138" classes="1" methods="6" coveredmethods="6" conditionals="0" coveredconditionals="0" statements="78" coveredstatements="78" elements="84" coveredelements="84"/>
      </file>
      <file name="C:\Users\S852362501\Documents\Projects\pnsl-ntm\app\Http\Controllers\ParticipanteController.php">
        <class name="App\Http\Controllers\ParticipanteController" namespace="App\Http\Controllers">
          <metrics complexity="4" methods="2" coveredmethods="2" conditionals="0" coveredconditionals="0" statements="44" coveredstatements="44" elements="46" coveredelements="46"/>
        </class>
        <line num="16" type="method" name="index" visibility="public" complexity="2" crap="2" count="3"/>
        <line num="18" type="stmt" count="3"/>
        <line num="19" type="stmt" count="3"/>
        <line num="21" type="stmt" count="3"/>
        <line num="22" type="stmt" count="3"/>
        <line num="23" type="stmt" count="3"/>
        <line num="25" type="stmt" count="3"/>
        <line num="26" type="stmt" count="3"/>
        <line num="27" type="stmt" count="3"/>
        <line num="28" type="stmt" count="3"/>
        <line num="30" type="stmt" count="3"/>
        <line num="31" type="stmt" count="1"/>
        <line num="34" type="stmt" count="3"/>
        <line num="35" type="stmt" count="3"/>
        <line num="36" type="stmt" count="1"/>
        <line num="37" type="stmt" count="1"/>
        <line num="38" type="stmt" count="1"/>
        <line num="39" type="stmt" count="1"/>
        <line num="40" type="stmt" count="3"/>
        <line num="41" type="stmt" count="1"/>
        <line num="42" type="stmt" count="3"/>
        <line num="43" type="stmt" count="3"/>
        <line num="44" type="stmt" count="3"/>
        <line num="45" type="stmt" count="3"/>
        <line num="47" type="stmt" count="3"/>
        <line num="48" type="stmt" count="3"/>
        <line num="49" type="stmt" count="3"/>
        <line num="50" type="stmt" count="3"/>
        <line num="51" type="stmt" count="3"/>
        <line num="53" type="stmt" count="3"/>
        <line num="56" type="method" name="change" visibility="public" complexity="2" crap="2" count="3"/>
        <line num="58" type="stmt" count="3"/>
        <line num="59" type="stmt" count="3"/>
        <line num="60" type="stmt" count="3"/>
        <line num="62" type="stmt" count="3"/>
        <line num="63" type="stmt" count="3"/>
        <line num="64" type="stmt" count="3"/>
        <line num="65" type="stmt" count="3"/>
        <line num="67" type="stmt" count="3"/>
        <line num="68" type="stmt" count="2"/>
        <line num="71" type="stmt" count="3"/>
        <line num="72" type="stmt" count="3"/>
        <line num="73" type="stmt" count="3"/>
        <line num="74" type="stmt" count="3"/>
        <line num="75" type="stmt" count="3"/>
        <line num="77" type="stmt" count="3"/>
        <metrics loc="80" ncloc="80" classes="1" methods="2" coveredmethods="2" conditionals="0" coveredconditionals="0" statements="44" coveredstatements="44" elements="46" coveredelements="46"/>
      </file>
      <file name="C:\Users\S852362501\Documents\Projects\pnsl-ntm\app\Http\Controllers\PessoaController.php">
        <class name="App\Http\Controllers\PessoaController" namespace="App\Http\Controllers">
          <metrics complexity="23" methods="7" coveredmethods="3" conditionals="0" coveredconditionals="0" statements="193" coveredstatements="168" elements="200" coveredelements="171"/>
        </class>
        <line num="22" type="method" name="__construct" visibility="public" complexity="1" crap="1" count="12"/>
        <line num="24" type="stmt" count="12"/>
        <line num="27" type="method" name="index" visibility="public" complexity="1" crap="1" count="2"/>
        <line num="29" type="stmt" count="2"/>
        <line num="30" type="stmt" count="2"/>
        <line num="32" type="stmt" count="2"/>
        <line num="34" type="stmt" count="2"/>
        <line num="35" type="stmt" count="2"/>
        <line num="36" type="stmt" count="2"/>
        <line num="38" type="stmt" count="2"/>
        <line num="39" type="stmt" count="2"/>
        <line num="40" type="stmt" count="2"/>
        <line num="41" type="stmt" count="2"/>
        <line num="42" type="stmt" count="2"/>
        <line num="43" type="stmt" count="2"/>
        <line num="44" type="stmt" count="2"/>
        <line num="45" type="stmt" count="2"/>
        <line num="46" type="stmt" count="2"/>
        <line num="47" type="stmt" count="2"/>
        <line num="48" type="stmt" count="2"/>
        <line num="49" type="stmt" count="2"/>
        <line num="50" type="stmt" count="2"/>
        <line num="51" type="stmt" count="2"/>
        <line num="52" type="stmt" count="2"/>
        <line num="53" type="stmt" count="2"/>
        <line num="54" type="stmt" count="2"/>
        <line num="56" type="stmt" count="2"/>
        <line num="57" type="stmt" count="2"/>
        <line num="58" type="stmt" count="1"/>
        <line num="59" type="stmt" count="2"/>
        <line num="60" type="stmt" count="2"/>
        <line num="61" type="stmt" count="2"/>
        <line num="62" type="stmt" count="2"/>
        <line num="64" type="stmt" count="2"/>
        <line num="65" type="stmt" count="2"/>
        <line num="66" type="stmt" count="2"/>
        <line num="67" type="stmt" count="2"/>
        <line num="68" type="stmt" count="2"/>
        <line num="70" type="stmt" count="2"/>
        <line num="73" type="method" name="create" visibility="public" complexity="1" crap="1" count="1"/>
        <line num="75" type="stmt" count="1"/>
        <line num="76" type="stmt" count="1"/>
        <line num="77" type="stmt" count="1"/>
        <line num="79" type="stmt" count="1"/>
        <line num="80" type="stmt" count="1"/>
        <line num="81" type="stmt" count="1"/>
        <line num="82" type="stmt" count="1"/>
        <line num="83" type="stmt" count="1"/>
        <line num="84" type="stmt" count="1"/>
        <line num="85" type="stmt" count="1"/>
        <line num="87" type="stmt" count="1"/>
        <line num="88" type="stmt" count="1"/>
        <line num="89" type="stmt" count="1"/>
        <line num="91" type="stmt" count="1"/>
        <line num="92" type="stmt" count="1"/>
        <line num="93" type="stmt" count="1"/>
        <line num="94" type="stmt" count="1"/>
        <line num="95" type="stmt" count="1"/>
        <line num="96" type="stmt" count="1"/>
        <line num="98" type="stmt" count="1"/>
        <line num="99" type="stmt" count="1"/>
        <line num="100" type="stmt" count="1"/>
        <line num="101" type="stmt" count="1"/>
        <line num="102" type="stmt" count="1"/>
        <line num="105" type="method" name="store" visibility="public" complexity="8" crap="8" count="3"/>
        <line num="107" type="stmt" count="3"/>
        <line num="108" type="stmt" count="3"/>
        <line num="109" type="stmt" count="3"/>
        <line num="110" type="stmt" count="3"/>
        <line num="111" type="stmt" count="3"/>
        <line num="112" type="stmt" count="3"/>
        <line num="115" type="stmt" count="3"/>
        <line num="116" type="stmt" count="3"/>
        <line num="117" type="stmt" count="3"/>
        <line num="118" type="stmt" count="3"/>
        <line num="120" type="stmt" count="3"/>
        <line num="123" type="stmt" count="3"/>
        <line num="124" type="stmt" count="1"/>
        <line num="125" type="stmt" count="1"/>
        <line num="127" type="stmt" count="1"/>
        <line num="128" type="stmt" count="0"/>
        <line num="130" type="stmt" count="1"/>
        <line num="135" type="stmt" count="3"/>
        <line num="136" type="stmt" count="1"/>
        <line num="137" type="stmt" count="1"/>
        <line num="141" type="stmt" count="3"/>
        <line num="142" type="stmt" count="3"/>
        <line num="143" type="stmt" count="1"/>
        <line num="144" type="stmt" count="1"/>
        <line num="145" type="stmt" count="1"/>
        <line num="146" type="stmt" count="1"/>
        <line num="147" type="stmt" count="1"/>
        <line num="148" type="stmt" count="1"/>
        <line num="149" type="stmt" count="1"/>
        <line num="154" type="stmt" count="3"/>
        <line num="155" type="stmt" count="3"/>
        <line num="156" type="stmt" count="3"/>
        <line num="157" type="stmt" count="3"/>
        <line num="158" type="stmt" count="3"/>
        <line num="159" type="stmt" count="3"/>
        <line num="161" type="stmt" count="3"/>
        <line num="164" type="method" name="edit" visibility="public" complexity="1" crap="1" count="2"/>
        <line num="166" type="stmt" count="2"/>
        <line num="167" type="stmt" count="2"/>
        <line num="168" type="stmt" count="2"/>
        <line num="170" type="stmt" count="2"/>
        <line num="172" type="stmt" count="1"/>
        <line num="173" type="stmt" count="1"/>
        <line num="174" type="stmt" count="1"/>
        <line num="175" type="stmt" count="1"/>
        <line num="176" type="stmt" count="1"/>
        <line num="177" type="stmt" count="1"/>
        <line num="179" type="stmt" count="1"/>
        <line num="180" type="stmt" count="1"/>
        <line num="181" type="stmt" count="0"/>
        <line num="182" type="stmt" count="1"/>
        <line num="183" type="stmt" count="1"/>
        <line num="184" type="stmt" count="1"/>
        <line num="185" type="stmt" count="1"/>
        <line num="187" type="stmt" count="1"/>
        <line num="188" type="stmt" count="1"/>
        <line num="189" type="stmt" count="1"/>
        <line num="190" type="stmt" count="1"/>
        <line num="191" type="stmt" count="1"/>
        <line num="192" type="stmt" count="1"/>
        <line num="194" type="stmt" count="1"/>
        <line num="195" type="stmt" count="1"/>
        <line num="196" type="stmt" count="1"/>
        <line num="197" type="stmt" count="1"/>
        <line num="198" type="stmt" count="1"/>
        <line num="201" type="method" name="update" visibility="public" complexity="8" crap="8.40" count="2"/>
        <line num="203" type="stmt" count="2"/>
        <line num="204" type="stmt" count="2"/>
        <line num="205" type="stmt" count="2"/>
        <line num="206" type="stmt" count="2"/>
        <line num="207" type="stmt" count="2"/>
        <line num="208" type="stmt" count="2"/>
        <line num="210" type="stmt" count="2"/>
        <line num="211" type="stmt" count="2"/>
        <line num="212" type="stmt" count="2"/>
        <line num="213" type="stmt" count="2"/>
        <line num="214" type="stmt" count="2"/>
        <line num="216" type="stmt" count="2"/>
        <line num="219" type="stmt" count="2"/>
        <line num="220" type="stmt" count="0"/>
        <line num="221" type="stmt" count="0"/>
        <line num="223" type="stmt" count="0"/>
        <line num="224" type="stmt" count="0"/>
        <line num="226" type="stmt" count="0"/>
        <line num="231" type="stmt" count="2"/>
        <line num="232" type="stmt" count="0"/>
        <line num="233" type="stmt" count="0"/>
        <line num="237" type="stmt" count="2"/>
        <line num="238" type="stmt" count="2"/>
        <line num="239" type="stmt" count="2"/>
        <line num="240" type="stmt" count="1"/>
        <line num="241" type="stmt" count="1"/>
        <line num="242" type="stmt" count="1"/>
        <line num="243" type="stmt" count="1"/>
        <line num="244" type="stmt" count="1"/>
        <line num="245" type="stmt" count="1"/>
        <line num="247" type="stmt" count="1"/>
        <line num="250" type="stmt" count="2"/>
        <line num="251" type="stmt" count="2"/>
        <line num="252" type="stmt" count="2"/>
        <line num="253" type="stmt" count="2"/>
        <line num="254" type="stmt" count="2"/>
        <line num="255" type="stmt" count="2"/>
        <line num="257" type="stmt" count="2"/>
        <line num="260" type="method" name="destroy" visibility="public" complexity="3" crap="4.37" count="1"/>
        <line num="262" type="stmt" count="1"/>
        <line num="263" type="stmt" count="1"/>
        <line num="264" type="stmt" count="1"/>
        <line num="265" type="stmt" count="1"/>
        <line num="266" type="stmt" count="1"/>
        <line num="269" type="stmt" count="1"/>
        <line num="270" type="stmt" count="1"/>
        <line num="271" type="stmt" count="1"/>
        <line num="272" type="stmt" count="1"/>
        <line num="273" type="stmt" count="1"/>
        <line num="276" type="stmt" count="1"/>
        <line num="278" type="stmt" count="1"/>
        <line num="279" type="stmt" count="1"/>
        <line num="280" type="stmt" count="1"/>
        <line num="281" type="stmt" count="0"/>
        <line num="282" type="stmt" count="0"/>
        <line num="283" type="stmt" count="0"/>
        <line num="284" type="stmt" count="0"/>
        <line num="285" type="stmt" count="0"/>
        <line num="286" type="stmt" count="0"/>
        <line num="287" type="stmt" count="0"/>
        <line num="288" type="stmt" count="0"/>
        <line num="289" type="stmt" count="0"/>
        <line num="291" type="stmt" count="0"/>
        <line num="292" type="stmt" count="0"/>
        <line num="293" type="stmt" count="0"/>
        <line num="294" type="stmt" count="0"/>
        <line num="298" type="stmt" count="0"/>
        <line num="299" type="stmt" count="0"/>
        <line num="300" type="stmt" count="0"/>
        <metrics loc="304" ncloc="293" classes="1" methods="7" coveredmethods="3" conditionals="0" coveredconditionals="0" statements="193" coveredstatements="168" elements="200" coveredelements="171"/>
      </file>
      <file name="C:\Users\S852362501\Documents\Projects\pnsl-ntm\app\Http\Controllers\TipoEquipeController.php">
        <class name="App\Http\Controllers\TipoEquipeController" namespace="App\Http\Controllers">
          <metrics complexity="8" methods="7" coveredmethods="0" conditionals="0" coveredconditionals="0" statements="24" coveredstatements="0" elements="31" coveredelements="0"/>
        </class>
        <line num="17" type="method" name="index" visibility="public" complexity="1" crap="2" count="0"/>
        <line num="19" type="stmt" count="0"/>
        <line num="21" type="stmt" count="0"/>
        <line num="27" type="method" name="create" visibility="public" complexity="1" crap="2" count="0"/>
        <line num="29" type="stmt" count="0"/>
        <line num="30" type="stmt" count="0"/>
        <line num="31" type="stmt" count="0"/>
        <line num="37" type="method" name="store" visibility="public" complexity="1" crap="2" count="0"/>
        <line num="40" type="stmt" count="0"/>
        <line num="42" type="stmt" count="0"/>
        <line num="44" type="stmt" count="0"/>
        <line num="45" type="stmt" count="0"/>
        <line num="51" type="method" name="show" visibility="public" complexity="1" crap="2" count="0"/>
        <line num="54" type="stmt" count="0"/>
        <line num="59" type="method" name="edit" visibility="public" complexity="1" crap="2" count="0"/>
        <line num="61" type="stmt" count="0"/>
        <line num="63" type="stmt" count="0"/>
        <line num="69" type="method" name="update" visibility="public" complexity="1" crap="2" count="0"/>
        <line num="71" type="stmt" count="0"/>
        <line num="72" type="stmt" count="0"/>
        <line num="73" type="stmt" count="0"/>
        <line num="75" type="stmt" count="0"/>
        <line num="76" type="stmt" count="0"/>
        <line num="82" type="method" name="destroy" visibility="public" complexity="2" crap="6" count="0"/>
        <line num="84" type="stmt" count="0"/>
        <line num="87" type="stmt" count="0"/>
        <line num="89" type="stmt" count="0"/>
        <line num="90" type="stmt" count="0"/>
        <line num="91" type="stmt" count="0"/>
        <line num="92" type="stmt" count="0"/>
        <line num="93" type="stmt" count="0"/>
        <metrics loc="97" ncloc="75" classes="1" methods="7" coveredmethods="0" conditionals="0" coveredconditionals="0" statements="24" coveredstatements="0" elements="31" coveredelements="0"/>
      </file>
      <file name="C:\Users\S852362501\Documents\Projects\pnsl-ntm\app\Http\Controllers\TipoMovimentoController.php">
        <class name="App\Http\Controllers\TipoMovimentoController" namespace="App\Http\Controllers">
          <metrics complexity="7" methods="6" coveredmethods="3" conditionals="0" coveredconditionals="0" statements="21" coveredstatements="7" elements="27" coveredelements="10"/>
        </class>
        <line num="17" type="method" name="index" visibility="public" complexity="1" crap="1" count="1"/>
        <line num="19" type="stmt" count="1"/>
        <line num="21" type="stmt" count="1"/>
        <line num="24" type="method" name="create" visibility="public" complexity="1" crap="1" count="1"/>
        <line num="26" type="stmt" count="1"/>
        <line num="29" type="method" name="store" visibility="public" complexity="1" crap="1" count="2"/>
        <line num="31" type="stmt" count="2"/>
        <line num="33" type="stmt" count="1"/>
        <line num="35" type="stmt" count="1"/>
        <line num="36" type="stmt" count="1"/>
        <line num="39" type="method" name="edit" visibility="public" complexity="1" crap="2" count="0"/>
        <line num="41" type="stmt" count="0"/>
        <line num="43" type="stmt" count="0"/>
        <line num="46" type="method" name="update" visibility="public" complexity="1" crap="2" count="0"/>
        <line num="48" type="stmt" count="0"/>
        <line num="49" type="stmt" count="0"/>
        <line num="50" type="stmt" count="0"/>
        <line num="52" type="stmt" count="0"/>
        <line num="53" type="stmt" count="0"/>
        <line num="56" type="method" name="destroy" visibility="public" complexity="2" crap="6" count="0"/>
        <line num="58" type="stmt" count="0"/>
        <line num="61" type="stmt" count="0"/>
        <line num="63" type="stmt" count="0"/>
        <line num="64" type="stmt" count="0"/>
        <line num="65" type="stmt" count="0"/>
        <line num="66" type="stmt" count="0"/>
        <line num="67" type="stmt" count="0"/>
        <metrics loc="71" ncloc="70" classes="1" methods="6" coveredmethods="3" conditionals="0" coveredconditionals="0" statements="21" coveredstatements="7" elements="27" coveredelements="10"/>
      </file>
      <file name="C:\Users\S852362501\Documents\Projects\pnsl-ntm\app\Http\Controllers\TipoPerfilController.php">
        <class name="App\Http\Controllers\TipoPerfilController" namespace="App\Http\Controllers">
          <metrics complexity="3" methods="2" coveredmethods="2" conditionals="0" coveredconditionals="0" statements="28" coveredstatements="28" elements="30" coveredelements="30"/>
        </class>
        <line num="14" type="method" name="index" visibility="public" complexity="1" crap="1" count="1"/>
        <line num="16" type="stmt" count="1"/>
        <line num="17" type="stmt" count="1"/>
        <line num="19" type="stmt" count="1"/>
        <line num="21" type="stmt" count="1"/>
        <line num="23" type="stmt" count="1"/>
        <line num="24" type="stmt" count="1"/>
        <line num="25" type="stmt" count="1"/>
        <line num="26" type="stmt" count="1"/>
        <line num="27" type="stmt" count="1"/>
        <line num="29" type="stmt" count="1"/>
        <line num="32" type="method" name="change" visibility="public" complexity="2" crap="2" count="2"/>
        <line num="34" type="stmt" count="2"/>
        <line num="35" type="stmt" count="2"/>
        <line num="37" type="stmt" count="2"/>
        <line num="39" type="stmt" count="2"/>
        <line num="40" type="stmt" count="2"/>
        <line num="41" type="stmt" count="2"/>
        <line num="43" type="stmt" count="2"/>
        <line num="44" type="stmt" count="2"/>
        <line num="45" type="stmt" count="2"/>
        <line num="46" type="stmt" count="2"/>
        <line num="48" type="stmt" count="1"/>
        <line num="49" type="stmt" count="1"/>
        <line num="52" type="stmt" count="1"/>
        <line num="53" type="stmt" count="1"/>
        <line num="54" type="stmt" count="1"/>
        <line num="55" type="stmt" count="1"/>
        <line num="56" type="stmt" count="1"/>
        <line num="58" type="stmt" count="1"/>
        <metrics loc="61" ncloc="61" classes="1" methods="2" coveredmethods="2" conditionals="0" coveredconditionals="0" statements="28" coveredstatements="28" elements="30" coveredelements="30"/>
      </file>
      <file name="C:\Users\S852362501\Documents\Projects\pnsl-ntm\app\Http\Controllers\TipoResponsavelController.php">
        <class name="App\Http\Controllers\TipoResponsavelController" namespace="App\Http\Controllers">
          <metrics complexity="8" methods="7" coveredmethods="3" conditionals="0" coveredconditionals="0" statements="24" coveredstatements="9" elements="31" coveredelements="12"/>
        </class>
        <line num="17" type="method" name="index" visibility="public" complexity="1" crap="1" count="1"/>
        <line num="19" type="stmt" count="1"/>
        <line num="21" type="stmt" count="1"/>
        <line num="27" type="method" name="create" visibility="public" complexity="1" crap="1" count="1"/>
        <line num="29" type="stmt" count="1"/>
        <line num="30" type="stmt" count="1"/>
        <line num="31" type="stmt" count="1"/>
        <line num="37" type="method" name="store" visibility="public" complexity="1" crap="1" count="2"/>
        <line num="40" type="stmt" count="2"/>
        <line num="42" type="stmt" count="1"/>
        <line num="44" type="stmt" count="1"/>
        <line num="45" type="stmt" count="1"/>
        <line num="51" type="method" name="show" visibility="public" complexity="1" crap="2" count="0"/>
        <line num="54" type="stmt" count="0"/>
        <line num="59" type="method" name="edit" visibility="public" complexity="1" crap="2" count="0"/>
        <line num="61" type="stmt" count="0"/>
        <line num="63" type="stmt" count="0"/>
        <line num="69" type="method" name="update" visibility="public" complexity="1" crap="2" count="0"/>
[...]
        <line num="24" type="stmt" count="216"/>
        <line num="25" type="stmt" count="216"/>
        <line num="26" type="stmt" count="216"/>
        <metrics loc="29" ncloc="22" classes="1" methods="2" coveredmethods="2" conditionals="0" coveredconditionals="0" statements="5" coveredstatements="5" elements="7" coveredelements="7"/>
      </file>
    </package>
    <package name="App\Services">
      <file name="C:\Users\S852362501\Documents\Projects\pnsl-ntm\app\Services\EventoService.php">
        <class name="App\Services\EventoService" namespace="App\Services">
          <metrics complexity="24" methods="9" coveredmethods="6" conditionals="0" coveredconditionals="0" statements="134" coveredstatements="127" elements="143" coveredelements="133"/>
        </class>
        <line num="19" type="method" name="getEventosTimeline" visibility="public" complexity="1" crap="1" count="7"/>
        <line num="21" type="stmt" count="7"/>
        <line num="22" type="stmt" count="7"/>
        <line num="23" type="stmt" count="7"/>
        <line num="24" type="stmt" count="7"/>
        <line num="25" type="stmt" count="7"/>
        <line num="26" type="stmt" count="7"/>
        <line num="27" type="stmt" count="7"/>
        <line num="28" type="stmt" count="7"/>
        <line num="29" type="stmt" count="7"/>
        <line num="30" type="stmt" count="7"/>
        <line num="31" type="stmt" count="7"/>
        <line num="32" type="stmt" count="7"/>
        <line num="33" type="stmt" count="7"/>
        <line num="34" type="stmt" count="7"/>
        <line num="35" type="stmt" count="7"/>
        <line num="37" type="stmt" count="7"/>
        <line num="38" type="stmt" count="7"/>
        <line num="39" type="stmt" count="7"/>
        <line num="40" type="stmt" count="7"/>
        <line num="41" type="stmt" count="7"/>
        <line num="42" type="stmt" count="7"/>
        <line num="43" type="stmt" count="7"/>
        <line num="44" type="stmt" count="7"/>
        <line num="45" type="stmt" count="7"/>
        <line num="46" type="stmt" count="7"/>
        <line num="47" type="stmt" count="7"/>
        <line num="49" type="stmt" count="7"/>
        <line num="51" type="stmt" count="7"/>
        <line num="57" type="method" name="calcularPontuacao" visibility="public" complexity="7" crap="7" count="11"/>
        <line num="59" type="stmt" count="11"/>
        <line num="60" type="stmt" count="11"/>
        <line num="61" type="stmt" count="11"/>
        <line num="62" type="stmt" count="11"/>
        <line num="64" type="stmt" count="11"/>
        <line num="65" type="stmt" count="11"/>
        <line num="66" type="stmt" count="11"/>
        <line num="67" type="stmt" count="11"/>
        <line num="69" type="stmt" count="11"/>
        <line num="70" type="stmt" count="11"/>
        <line num="71" type="stmt" count="11"/>
        <line num="72" type="stmt" count="11"/>
        <line num="74" type="stmt" count="11"/>
        <line num="75" type="stmt" count="11"/>
        <line num="76" type="stmt" count="11"/>
        <line num="77" type="stmt" count="11"/>
        <line num="78" type="stmt" count="11"/>
        <line num="79" type="stmt" count="11"/>
        <line num="80" type="stmt" count="11"/>
        <line num="81" type="stmt" count="11"/>
        <line num="82" type="stmt" count="11"/>
        <line num="83" type="stmt" count="11"/>
        <line num="84" type="stmt" count="11"/>
        <line num="85" type="stmt" count="11"/>
        <line num="86" type="stmt" count="11"/>
        <line num="88" type="stmt" count="11"/>
        <line num="89" type="stmt" count="11"/>
        <line num="90" type="stmt" count="11"/>
        <line num="92" type="stmt" count="11"/>
        <line num="94" type="stmt" count="10"/>
        <line num="95" type="stmt" count="10"/>
        <line num="96" type="stmt" count="10"/>
        <line num="100" type="stmt" count="10"/>
        <line num="101" type="stmt" count="8"/>
        <line num="102" type="stmt" count="6"/>
        <line num="103" type="stmt" count="6"/>
        <line num="104" type="stmt" count="6"/>
        <line num="105" type="stmt" count="6"/>
        <line num="107" type="stmt" count="1"/>
        <line num="108" type="stmt" count="1"/>
        <line num="112" type="stmt" count="11"/>
        <line num="118" type="method" name="calcularRanking" visibility="public" complexity="5" crap="5.01" count="5"/>
        <line num="120" type="stmt" count="5"/>
        <line num="121" type="stmt" count="5"/>
        <line num="123" type="stmt" count="5"/>
        <line num="124" type="stmt" count="5"/>
        <line num="127" type="stmt" count="5"/>
        <line num="128" type="stmt" count="5"/>
        <line num="129" type="stmt" count="5"/>
        <line num="130" type="stmt" count="5"/>
        <line num="132" type="stmt" count="5"/>
        <line num="133" type="stmt" count="5"/>
        <line num="134" type="stmt" count="5"/>
        <line num="135" type="stmt" count="5"/>
        <line num="137" type="stmt" count="5"/>
        <line num="138" type="stmt" count="5"/>
        <line num="140" type="stmt" count="4"/>
        <line num="143" type="stmt" count="0"/>
        <line num="149" type="method" name="agruparEventosPorDecadaEAno" visibility="private" complexity="1" crap="1" count="7"/>
        <line num="151" type="stmt" count="7"/>
        <line num="152" type="stmt" count="7"/>
        <line num="153" type="stmt" count="7"/>
        <line num="154" type="stmt" count="7"/>
        <line num="155" type="stmt" count="7"/>
        <line num="156" type="stmt" count="7"/>
        <line num="157" type="stmt" count="7"/>
        <line num="158" type="stmt" count="7"/>
        <line num="159" type="stmt" count="7"/>
        <line num="160" type="stmt" count="7"/>
        <line num="161" type="stmt" count="7"/>
        <line num="162" type="stmt" count="7"/>
        <line num="163" type="stmt" count="7"/>
        <line num="164" type="stmt" count="7"/>
        <line num="165" type="stmt" count="7"/>
        <line num="174" type="method" name="fotoUpload" visibility="public" complexity="4" crap="4.32" count="9"/>
        <line num="176" type="stmt" count="9"/>
        <line num="178" type="stmt" count="9"/>
        <line num="179" type="stmt" count="6"/>
        <line num="180" type="stmt" count="6"/>
        <line num="181" type="stmt" count="2"/>
        <line num="184" type="stmt" count="6"/>
        <line num="185" type="stmt" count="6"/>
        <line num="187" type="stmt" count="9"/>
        <line num="188" type="stmt" count="0"/>
        <line num="189" type="stmt" count="0"/>
        <line num="190" type="stmt" count="0"/>
        <line num="197" type="method" name="excluirEventoComFoto" visibility="public" complexity="3" crap="3.33" count="6"/>
        <line num="199" type="stmt" count="6"/>
        <line num="201" type="stmt" count="6"/>
        <line num="202" type="stmt" count="6"/>
        <line num="204" type="stmt" count="6"/>
        <line num="205" type="stmt" count="2"/>
        <line num="208" type="stmt" count="6"/>
        <line num="209" type="stmt" count="0"/>
        <line num="210" type="stmt" count="0"/>
        <line num="211" type="stmt" count="0"/>
        <line num="218" type="method" name="confirmarParticipacao" visibility="public" complexity="1" crap="1" count="2"/>
        <line num="220" type="stmt" count="2"/>
        <line num="221" type="stmt" count="2"/>
        <line num="222" type="stmt" count="2"/>
        <line num="223" type="stmt" count="2"/>
        <line num="227" type="method" name="getEventosInscritos" visibility="public" complexity="1" crap="1" count="6"/>
        <line num="229" type="stmt" count="6"/>
        <line num="230" type="stmt" count="6"/>
        <line num="231" type="stmt" count="6"/>
        <line num="232" type="stmt" count="6"/>
        <line num="233" type="stmt" count="6"/>
        <line num="237" type="method" name="getEncontrosInscritos" visibility="public" complexity="1" crap="1" count="5"/>
        <line num="239" type="stmt" count="5"/>
        <line num="240" type="stmt" count="5"/>
        <line num="241" type="stmt" count="5"/>
        <line num="242" type="stmt" count="5"/>
        <line num="243" type="stmt" count="5"/>
        <metrics loc="246" ncloc="217" classes="1" methods="9" coveredmethods="6" conditionals="0" coveredconditionals="0" statements="134" coveredstatements="127" elements="143" coveredelements="133"/>
      </file>
      <file name="C:\Users\S852362501\Documents\Projects\pnsl-ntm\app\Services\FichaService.php">
        <class name="App\Services\FichaService" namespace="App\Services">
          <metrics complexity="10" methods="7" coveredmethods="4" conditionals="0" coveredconditionals="0" statements="60" coveredstatements="53" elements="67" coveredelements="57"/>
        </class>
        <line num="18" type="method" name="dadosFixosFicha" visibility="public" complexity="1" crap="1" count="10"/>
        <line num="20" type="stmt" count="10"/>
        <line num="22" type="stmt" count="10"/>
        <line num="23" type="stmt" count="10"/>
        <line num="25" type="stmt" count="10"/>
        <line num="26" type="stmt" count="10"/>
        <line num="27" type="stmt" count="10"/>
        <line num="28" type="stmt" count="10"/>
        <line num="29" type="stmt" count="10"/>
        <line num="30" type="stmt" count="10"/>
        <line num="31" type="stmt" count="10"/>
        <line num="33" type="stmt" count="10"/>
        <line num="34" type="stmt" count="10"/>
        <line num="37" type="method" name="processarAprovacao" visibility="private" complexity="1" crap="1" count="6"/>
        <line num="39" type="stmt" count="6"/>
        <line num="41" type="stmt" count="6"/>
        <line num="43" type="stmt" count="6"/>
        <line num="44" type="stmt" count="6"/>
        <line num="45" type="stmt" count="6"/>
        <line num="46" type="stmt" count="6"/>
        <line num="47" type="stmt" count="6"/>
        <line num="48" type="stmt" count="6"/>
        <line num="49" type="stmt" count="6"/>
        <line num="51" type="stmt" count="6"/>
        <line num="54" type="method" name="processarReprovacao" visibility="private" complexity="1" crap="2" count="0"/>
        <line num="56" type="stmt" count="0"/>
        <line num="60" type="method" name="atualizarAprovacaoFicha" visibility="public" complexity="2" crap="2.01" count="6"/>
        <line num="62" type="stmt" count="6"/>
        <line num="65" type="stmt" count="6"/>
        <line num="67" type="stmt" count="6"/>
        <line num="68" type="stmt" count="6"/>
        <line num="69" type="stmt" count="6"/>
        <line num="71" type="stmt" count="0"/>
        <line num="74" type="stmt" count="6"/>
        <line num="75" type="stmt" count="6"/>
        <line num="78" type="method" name="criarOuAtualizarPessoaAPartirDaFicha" visibility="private" complexity="2" crap="2" count="6"/>
        <line num="80" type="stmt" count="6"/>
        <line num="81" type="stmt" count="6"/>
        <line num="82" type="stmt" count="6"/>
        <line num="83" type="stmt" count="6"/>
        <line num="84" type="stmt" count="6"/>
        <line num="85" type="stmt" count="6"/>
        <line num="86" type="stmt" count="6"/>
        <line num="87" type="stmt" count="6"/>
        <line num="88" type="stmt" count="6"/>
        <line num="89" type="stmt" count="6"/>
        <line num="90" type="stmt" count="6"/>
        <line num="91" type="stmt" count="6"/>
        <line num="92" type="stmt" count="6"/>
        <line num="94" type="stmt" count="6"/>
        <line num="95" type="stmt" count="6"/>
        <line num="98" type="stmt" count="6"/>
        <line num="99" type="stmt" count="6"/>
        <line num="100" type="stmt" count="6"/>
        <line num="101" type="stmt" count="6"/>
        <line num="104" type="method" name="criarPessoaSaude" visibility="private" complexity="2" crap="4.31" count="6"/>
        <line num="106" type="stmt" count="6"/>
        <line num="107" type="stmt" count="0"/>
        <line num="108" type="stmt" count="0"/>
        <line num="109" type="stmt" count="0"/>
        <line num="110" type="stmt" count="0"/>
        <line num="111" type="stmt" count="0"/>
        <line num="115" type="method" name="criarParticipante" visibility="private" complexity="1" crap="1" count="6"/>
        <line num="117" type="stmt" count="6"/>
        <line num="118" type="stmt" count="6"/>
        <line num="119" type="stmt" count="6"/>
        <line num="120" type="stmt" count="6"/>
        <metrics loc="123" ncloc="122" classes="1" methods="7" coveredmethods="4" conditionals="0" coveredconditionals="0" statements="60" coveredstatements="53" elements="67" coveredelements="57"/>
      </file>
      <file name="C:\Users\S852362501\Documents\Projects\pnsl-ntm\app\Services\UserService.php">
        <class name="App\Services\UserService" namespace="App\Services">
          <metrics complexity="1" methods="1" coveredmethods="1" conditionals="0" coveredconditionals="0" statements="1" coveredstatements="1" elements="2" coveredelements="2"/>
        </class>
        <line num="9" type="method" name="getUsuarioByEmail" visibility="public" complexity="1" crap="1" count="6"/>
        <line num="11" type="stmt" count="6"/>
        <metrics loc="14" ncloc="14" classes="1" methods="1" coveredmethods="1" conditionals="0" coveredconditionals="0" statements="1" coveredstatements="1" elements="2" coveredelements="2"/>
      </file>
      <file name="C:\Users\S852362501\Documents\Projects\pnsl-ntm\app\Services\VoluntarioService.php">
        <class name="App\Services\VoluntarioService" namespace="App\Services">
          <metrics complexity="14" methods="2" coveredmethods="1" conditionals="0" coveredconditionals="0" statements="71" coveredstatements="68" elements="73" coveredelements="69"/>
        </class>
        <line num="21" type="method" name="candidatura" visibility="public" complexity="12" crap="12" count="10"/>
        <line num="23" type="stmt" count="10"/>
        <line num="25" type="stmt" count="10"/>
        <line num="26" type="stmt" count="9"/>
        <line num="27" type="stmt" count="9"/>
        <line num="29" type="stmt" count="9"/>
        <line num="30" type="stmt" count="1"/>
        <line num="31" type="stmt" count="1"/>
        <line num="32" type="stmt" count="1"/>
        <line num="35" type="stmt" count="8"/>
        <line num="36" type="stmt" count="2"/>
        <line num="37" type="stmt" count="2"/>
        <line num="38" type="stmt" count="2"/>
        <line num="41" type="stmt" count="6"/>
        <line num="42" type="stmt" count="2"/>
        <line num="43" type="stmt" count="2"/>
        <line num="44" type="stmt" count="2"/>
        <line num="47" type="stmt" count="4"/>
        <line num="51" type="stmt" count="5"/>
        <line num="53" type="stmt" count="5"/>
        <line num="54" type="stmt" count="1"/>
        <line num="55" type="stmt" count="1"/>
        <line num="56" type="stmt" count="1"/>
        <line num="57" type="stmt" count="1"/>
        <line num="58" type="stmt" count="1"/>
        <line num="62" type="stmt" count="4"/>
        <line num="63" type="stmt" count="4"/>
        <line num="64" type="stmt" count="4"/>
        <line num="65" type="stmt" count="4"/>
        <line num="66" type="stmt" count="4"/>
        <line num="68" type="stmt" count="4"/>
        <line num="69" type="stmt" count="1"/>
        <line num="70" type="stmt" count="1"/>
        <line num="71" type="stmt" count="1"/>
        <line num="75" type="stmt" count="4"/>
        <line num="76" type="stmt" count="4"/>
        <line num="77" type="stmt" count="4"/>
        <line num="78" type="stmt" count="4"/>
        <line num="79" type="stmt" count="4"/>
        <line num="80" type="stmt" count="4"/>
        <line num="81" type="stmt" count="4"/>
        <line num="82" type="stmt" count="4"/>
        <line num="84" type="stmt" count="4"/>
        <line num="95" type="method" name="confirmacao" visibility="public" complexity="2" crap="2.00" count="5"/>
        <line num="101" type="stmt" count="5"/>
        <line num="103" type="stmt" count="5"/>
        <line num="104" type="stmt" count="0"/>
        <line num="105" type="stmt" count="0"/>
        <line num="106" type="stmt" count="0"/>
        <line num="109" type="stmt" count="5"/>
        <line num="110" type="stmt" count="5"/>
        <line num="111" type="stmt" count="5"/>
        <line num="112" type="stmt" count="5"/>
        <line num="113" type="stmt" count="5"/>
        <line num="114" type="stmt" count="5"/>
        <line num="115" type="stmt" count="5"/>
        <line num="116" type="stmt" count="5"/>
        <line num="117" type="stmt" count="5"/>
        <line num="118" type="stmt" count="5"/>
        <line num="119" type="stmt" count="5"/>
        <line num="120" type="stmt" count="5"/>
        <line num="121" type="stmt" count="5"/>
        <line num="122" type="stmt" count="5"/>
        <line num="123" type="stmt" count="5"/>
        <line num="124" type="stmt" count="5"/>
        <line num="125" type="stmt" count="5"/>
        <line num="127" type="stmt" count="5"/>
        <line num="128" type="stmt" count="5"/>
        <line num="129" type="stmt" count="5"/>
        <line num="130" type="stmt" count="5"/>
        <line num="131" type="stmt" count="5"/>
        <line num="132" type="stmt" count="5"/>
        <line num="134" type="stmt" count="5"/>
        <metrics loc="137" ncloc="120" classes="1" methods="2" coveredmethods="1" conditionals="0" coveredconditionals="0" statements="71" coveredstatements="68" elements="73" coveredelements="69"/>
      </file>
    </package>
    <package name="App\Traits">
      <file name="C:\Users\S852362501\Documents\Projects\pnsl-ntm\app\Traits\LogContext.php">
        <class name="App\Traits\LogContext" namespace="App\Traits">
          <metrics complexity="3" methods="1" coveredmethods="1" conditionals="0" coveredconditionals="0" statements="6" coveredstatements="6" elements="7" coveredelements="7"/>
        </class>
        <line num="15" type="method" name="getLogContext" visibility="protected" complexity="3" crap="3" count="95"/>
        <line num="17" type="stmt" count="95"/>
        <line num="18" type="stmt" count="95"/>
        <line num="19" type="stmt" count="95"/>
        <line num="20" type="stmt" count="95"/>
        <line num="21" type="stmt" count="95"/>
        <line num="22" type="stmt" count="95"/>
        <metrics loc="25" ncloc="19" classes="1" methods="1" coveredmethods="1" conditionals="0" coveredconditionals="0" statements="6" coveredstatements="6" elements="7" coveredelements="7"/>
      </file>
    </package>
    <package name="App\View\Components">
      <file name="C:\Users\S852362501\Documents\Projects\pnsl-ntm\app\View\Components\section.php">
        <class name="App\View\Components\section" namespace="App\View\Components">
          <metrics complexity="2" methods="2" coveredmethods="0" conditionals="0" coveredconditionals="0" statements="2" coveredstatements="0" elements="4" coveredelements="0"/>
        </class>
        <line num="14" type="method" name="__construct" visibility="public" complexity="1" crap="2" count="0"/>
        <line num="17" type="stmt" count="0"/>
        <line num="22" type="method" name="render" visibility="public" complexity="1" crap="2" count="0"/>
        <line num="24" type="stmt" count="0"/>
        <metrics loc="27" ncloc="20" classes="1" methods="2" coveredmethods="0" conditionals="0" coveredconditionals="0" statements="2" coveredstatements="0" elements="4" coveredelements="0"/>
      </file>
    </package>
    <metrics files="63" loc="5419" ncloc="5036" classes="62" methods="237" coveredmethods="130" conditionals="0" coveredconditionals="0" statements="2254" coveredstatements="1731" elements="2491" coveredelements="1861"/>
  </project>
</coverage>
